(N) 2020-08-02T19:27:06 - 'Hirak Rajar Deshe (1980) - DvDRip - AC3 - x264 -= theRock7 =-' restored.
(N) 2020-08-02T19:27:06 - 'De.Dag.S01.720p.SBS.WEB-DL.AAC2.0.H.264-BTN' restored.
(N) 2020-08-02T19:27:06 - 'Thappad.2020.1080p.AMZN.WEBRip.AAC.5.1.x265-ExCaLiBuR.mkv' restored.
(I) 2020-08-02T19:27:06 - Detected external IP: 103.102.43.17
(I) 2020-08-02T20:12:05 - UPnP/NAT-PMP: Port mapping successful, message: successfully mapped port using UPnP. external port: TCP/20608
(I) 2020-08-02T20:12:05 - UPnP/NAT-PMP: Port mapping successful, message: successfully mapped port using UPnP. external port: UDP/20608
(I) 2020-08-02T20:57:05 - UPnP/NAT-PMP: Port mapping successful, message: successfully mapped port using UPnP. external port: TCP/20608
(I) 2020-08-02T20:57:05 - UPnP/NAT-PMP: Port mapping successful, message: successfully mapped port using UPnP. external port: UDP/20608
(I) 2020-08-02T21:42:05 - UPnP/NAT-PMP: Port mapping successful, message: successfully mapped port using UPnP. external port: TCP/20608
(I) 2020-08-02T21:42:05 - UPnP/NAT-PMP: Port mapping successful, message: successfully mapped port using UPnP. external port: UDP/20608
(N) 2020-08-02T23:22:19 - qBittorrent v4.2.5 started
(N) 2020-08-02T23:22:19 - Using config directory: /home/tahmid/.config/qBittorrent/
(I) 2020-08-02T23:22:19 - Trying to listen on: 0.0.0.0:20608,[::]:20608
(N) 2020-08-02T23:22:19 - Peer ID: -qB4250-
(N) 2020-08-02T23:22:19 - HTTP User-Agent is 'qBittorrent/4.2.5'
(I) 2020-08-02T23:22:19 - DHT support [ON]
(I) 2020-08-02T23:22:19 - Local Peer Discovery support [ON]
(I) 2020-08-02T23:22:19 - PeX support [ON]
(I) 2020-08-02T23:22:19 - Anonymous mode [OFF]
(I) 2020-08-02T23:22:19 - Encryption support [ON]
(I) 2020-08-02T23:22:19 - UPnP / NAT-PMP support [ON]
(I) 2020-08-02T23:22:19 - IP geolocation database loaded. Type: DBIP-Country-Lite. Build time: Sat Aug 1 05:57:26 2020.
(N) 2020-08-02T23:22:32 - Options were saved successfully.
(I) 2020-08-02T23:22:32 - Successfully listening on IP: 127.0.0.1, port: TCP/20608
(I) 2020-08-02T23:22:32 - Successfully listening on IP: 127.0.0.1, port: UDP/20608
(I) 2020-08-02T23:22:32 - Successfully listening on IP: 192.168.1.105, port: TCP/20608
(I) 2020-08-02T23:22:32 - Successfully listening on IP: 192.168.1.105, port: UDP/20608
(I) 2020-08-02T23:22:32 - Successfully listening on IP: ::1, port: TCP/20608
(I) 2020-08-02T23:22:32 - Successfully listening on IP: ::1, port: UDP/20608
(I) 2020-08-02T23:22:32 - Successfully listening on IP: fe80::e61f:aa96:7f8d:faef%wlan0, port: TCP/20608
(I) 2020-08-02T23:22:32 - Successfully listening on IP: fe80::e61f:aa96:7f8d:faef%wlan0, port: UDP/20608
(I) 2020-08-02T23:22:32 - UPnP/NAT-PMP: Port mapping successful, message: successfully mapped port using UPnP. external port: TCP/20608
(I) 2020-08-02T23:22:32 - UPnP/NAT-PMP: Port mapping successful, message: successfully mapped port using UPnP. external port: UDP/20608
(I) 2020-08-02T23:22:32 - Detected external IP: 103.102.43.9
(N) 2020-08-02T23:22:35 - 'Carl Jung' restored.
(N) 2020-08-02T23:22:35 - 'Once.Upon.a.Time.in.Hollywood.2019.1080p.BluRay.x265-RARBG.mp4' restored.
(N) 2020-08-02T23:22:35 - 'Nightcrawler (2014) [1080p]' restored.
(N) 2020-08-02T23:22:35 - 'www.MovCr.to - The Lift Boy (2019) 720p UNTOUCHED NF WEBRip H264 AAC 900MB [MovCr].mkv' restored.
(N) 2020-08-02T23:22:35 - 'Masaan.2015.1080p.BRRip.x264.Hindi.AAC-ETRG' restored.
(N) 2020-08-02T23:22:35 - 'House MD Complete Season' restored.
(N) 2020-08-02T23:22:35 - 'FrontEndMasters - Four Semesters of Computer Science in 5 Hours, Part 1 & 2' restored.
(N) 2020-08-02T23:22:35 - 'Good.Time.2017.720p.WEB-DL.800MB.MkvCage.mkv' restored.
(N) 2020-08-02T23:22:35 - 'IMDb Charts Top 250 Movies Megapack 1080p 10bit BluRay x265 HEVC-MRN' restored.
(N) 2020-08-02T23:22:35 - 'Fatal Frame 2014 1080p BluRay x264 Japanese AAC - Ozlem' restored.
(N) 2020-08-02T23:22:35 - 'One.Day.2011.1080p.BluRay.H264.AAC-RARBG.mp4' restored.
(N) 2020-08-02T23:22:35 - 'Radioactive (2019) [720p] [WEBRip] [YTS.MX]' restored.
(N) 2020-08-02T23:22:35 - 'De.Dag.S01.720p.SBS.WEB-DL.AAC2.0.H.264-BTN' restored.
(N) 2020-08-02T23:22:35 - 'Joker.2019.1080p.BluRay.x264-AAA' restored.
(N) 2020-08-02T23:22:35 - 'Beginning Python from Novice by Magnus Lie Hetland.pdf' restored.
(N) 2020-08-02T23:22:35 - 'Qarib Qarib Singlle 2017 Hindi 1080p Zee5 WEB-DL AAC x264-NLT.mkv' restored.
(N) 2020-08-02T23:22:35 - 'Persepolis (2007) (1080p BluRay x265 HEVC 10bit AAC 5.1 French Tigole)' restored.
(N) 2020-08-02T23:22:35 - 'How I Met Your Mother Season 1' restored.
(N) 2020-08-02T23:22:35 - 'Young Sheldon S01-S03 720p WEB-DL WEBRip HE-AAC 2CH HEVC x265-PSA' restored.
(N) 2020-08-02T23:22:35 - 'Thappad.2020.1080p.AMZN.WEBRip.AAC.5.1.x265-ExCaLiBuR.mkv' restored.
(N) 2020-08-02T23:22:35 - 'Lord.Of.War.2005.1080p.bluray.DD.5.1.x265-ALiEN.mkv' restored.
(N) 2020-08-02T23:22:35 - 'Mad Men [S01-S07]' restored.
(N) 2020-08-02T23:22:35 - 'Photograph.2019.1080p.AMZN.WEBRip.AAC.5.1.x265-ALiEN.mkv' restored.
(N) 2020-08-02T23:22:35 - 'Career Opportunities (1991) [WEBRip] [720p] [YTS.LT]' restored.
(N) 2020-08-02T23:22:35 - 'Satyajit Ray All Movies Bangla' restored.
(N) 2020-08-02T23:22:35 - 'C Programming 2019 Become A Pro, Solve a Lot Of Exercises !' restored.
(N) 2020-08-02T23:22:35 - 'The Terminal (2004)' restored.
(N) 2020-08-02T23:22:35 - 'Hirak Rajar Deshe (1980) - DvDRip - AC3 - x264 -= theRock7 =-' restored.
(C) 2020-08-02T23:30:33 - UPnP/NAT-PMP: Port mapping failure, message: could not map port using UPnP: -1 (unknown HTTP error)
(C) 2020-08-02T23:30:33 - UPnP/NAT-PMP: Port mapping failure, message: could not map port using UPnP: -1 (unknown HTTP error)
(I) 2020-08-02T23:30:36 - System network status changed to OFFLINE
(I) 2020-08-02T23:30:39 - Successfully listening on IP: 192.168.1.105, port: TCP/20608
(I) 2020-08-02T23:30:39 - Successfully listening on IP: 192.168.1.105, port: UDP/20608
(I) 2020-08-02T23:30:39 - System network status changed to ONLINE
(I) 2020-08-02T23:30:39 - Successfully listening on IP: 192.168.1.105, port: TCP/20608
(I) 2020-08-02T23:30:39 - Successfully listening on IP: 192.168.1.105, port: UDP/20608
(I) 2020-08-02T23:30:39 - UPnP/NAT-PMP: Port mapping successful, message: successfully mapped port using UPnP. external port: TCP/20608
(I) 2020-08-02T23:30:39 - UPnP/NAT-PMP: Port mapping successful, message: successfully mapped port using UPnP. external port: UDP/20608
(I) 2020-08-02T23:30:41 - Successfully listening on IP: fe80::e61f:aa96:7f8d:faef%wlan0, port: TCP/20608
(I) 2020-08-02T23:30:41 - Successfully listening on IP: fe80::e61f:aa96:7f8d:faef%wlan0, port: UDP/20608
(I) 2020-08-02T23:30:43 - Detected external IP: 103.102.43.1
(I) 2020-08-02T23:30:45 - Detected external IP: 103.102.43.9
(C) 2020-08-02T23:35:42 - UPnP/NAT-PMP: Port mapping failure, message: could not map port using UPnP: -1 (unknown HTTP error)
(C) 2020-08-02T23:35:42 - UPnP/NAT-PMP: Port mapping failure, message: could not map port using UPnP: -1 (unknown HTTP error)
(I) 2020-08-02T23:35:48 - Successfully listening on IP: 192.168.1.105, port: TCP/20608
(I) 2020-08-02T23:35:48 - Successfully listening on IP: 192.168.1.105, port: UDP/20608
(I) 2020-08-02T23:35:48 - Successfully listening on IP: 192.168.1.105, port: TCP/20608
(I) 2020-08-02T23:35:48 - Successfully listening on IP: 192.168.1.105, port: UDP/20608
(I) 2020-08-02T23:35:48 - UPnP/NAT-PMP: Port mapping successful, message: successfully mapped port using UPnP. external port: TCP/20608
(I) 2020-08-02T23:35:48 - UPnP/NAT-PMP: Port mapping successful, message: successfully mapped port using UPnP. external port: UDP/20608
(I) 2020-08-02T23:35:49 - Successfully listening on IP: fe80::e61f:aa96:7f8d:faef%wlan0, port: TCP/20608
(I) 2020-08-02T23:35:49 - Successfully listening on IP: fe80::e61f:aa96:7f8d:faef%wlan0, port: UDP/20608
(I) 2020-08-02T23:35:52 - Detected external IP: 103.102.43.9
(I) 2020-08-03T00:53:32 - Successfully listening on IP: fe80::e61f:aa96:7f8d:faef%wlan0, port: TCP/20608
(I) 2020-08-03T00:53:32 - Successfully listening on IP: fe80::e61f:aa96:7f8d:faef%wlan0, port: UDP/20608
(I) 2020-08-03T00:53:32 - System network status changed to OFFLINE
(I) 2020-08-03T00:53:32 - System network status changed to ONLINE
(I) 2020-08-03T00:53:51 - Successfully listening on IP: 192.168.1.105, port: TCP/20608
(I) 2020-08-03T00:53:51 - Successfully listening on IP: 192.168.1.105, port: UDP/20608
(I) 2020-08-03T00:53:51 - Successfully listening on IP: 192.168.1.105, port: TCP/20608
(I) 2020-08-03T00:53:52 - Successfully listening on IP: 192.168.1.105, port: UDP/20608
(I) 2020-08-03T00:53:52 - UPnP/NAT-PMP: Port mapping successful, message: successfully mapped port using UPnP. external port: TCP/20608
(I) 2020-08-03T00:53:52 - UPnP/NAT-PMP: Port mapping successful, message: successfully mapped port using UPnP. external port: UDP/45824
(I) 2020-08-03T00:53:53 - Successfully listening on IP: fe80::e61f:aa96:7f8d:faef%wlan0, port: TCP/20608
(I) 2020-08-03T00:53:53 - Successfully listening on IP: fe80::e61f:aa96:7f8d:faef%wlan0, port: UDP/20608
(I) 2020-08-03T00:53:57 - Detected external IP: 103.102.43.9
(I) 2020-08-03T01:38:52 - UPnP/NAT-PMP: Port mapping successful, message: successfully mapped port using UPnP. external port: TCP/20608
(I) 2020-08-03T01:38:52 - UPnP/NAT-PMP: Port mapping successful, message: successfully mapped port using UPnP. external port: UDP/45824
(I) 2020-08-03T10:40:26 - UPnP/NAT-PMP: Port mapping successful, message: successfully mapped port using UPnP. external port: TCP/20608
(I) 2020-08-03T10:40:26 - UPnP/NAT-PMP: Port mapping successful, message: successfully mapped port using UPnP. external port: UDP/45824
(C) 2020-08-03T10:40:27 - UPnP/NAT-PMP: Port mapping failure, message: could not map port using UPnP: -1 (unknown HTTP error)
(C) 2020-08-03T10:40:27 - UPnP/NAT-PMP: Port mapping failure, message: could not map port using UPnP: -1 (unknown HTTP error)
(I) 2020-08-03T10:40:27 - System network status changed to OFFLINE
(I) 2020-08-03T10:40:29 - Successfully listening on IP: 192.168.1.105, port: TCP/20608
(I) 2020-08-03T10:40:29 - Successfully listening on IP: 192.168.1.105, port: UDP/20608
(I) 2020-08-03T10:40:29 - System network status changed to ONLINE
(I) 2020-08-03T10:40:30 - Successfully listening on IP: 192.168.1.105, port: TCP/20608
(I) 2020-08-03T10:40:30 - Successfully listening on IP: 192.168.1.105, port: UDP/20608
(I) 2020-08-03T10:40:30 - Successfully listening on IP: fe80::e61f:aa96:7f8d:faef%wlan0, port: TCP/20608
(I) 2020-08-03T10:40:30 - Successfully listening on IP: fe80::e61f:aa96:7f8d:faef%wlan0, port: UDP/20608
(I) 2020-08-03T10:40:30 - UPnP/NAT-PMP: Port mapping successful, message: successfully mapped port using UPnP. external port: TCP/20608
(I) 2020-08-03T10:40:30 - UPnP/NAT-PMP: Port mapping successful, message: successfully mapped port using UPnP. external port: UDP/44281
(I) 2020-08-03T10:40:35 - Detected external IP: 103.102.43.9
(N) 2020-08-03T12:02:22 - qBittorrent v4.2.5 started
(N) 2020-08-03T12:02:22 - Using config directory: /home/tahmid/.config/qBittorrent/
(I) 2020-08-03T12:02:22 - Trying to listen on: 0.0.0.0:20608,[::]:20608
(N) 2020-08-03T12:02:23 - Peer ID: -qB4250-
(N) 2020-08-03T12:02:23 - HTTP User-Agent is 'qBittorrent/4.2.5'
(I) 2020-08-03T12:02:23 - DHT support [ON]
(I) 2020-08-03T12:02:23 - Local Peer Discovery support [ON]
(I) 2020-08-03T12:02:23 - PeX support [ON]
(I) 2020-08-03T12:02:23 - Anonymous mode [OFF]
(I) 2020-08-03T12:02:23 - Encryption support [ON]
(I) 2020-08-03T12:02:23 - UPnP / NAT-PMP support [ON]
(I) 2020-08-03T12:02:23 - IP geolocation database loaded. Type: DBIP-Country-Lite. Build time: Sat Aug 1 05:57:26 2020.
(N) 2020-08-03T12:02:36 - Options were saved successfully.
(I) 2020-08-03T12:02:37 - Successfully listening on IP: 127.0.0.1, port: TCP/20608
(I) 2020-08-03T12:02:37 - Successfully listening on IP: 127.0.0.1, port: UDP/20608
(I) 2020-08-03T12:02:37 - Successfully listening on IP: 192.168.1.105, port: TCP/20608
(I) 2020-08-03T12:02:37 - Successfully listening on IP: 192.168.1.105, port: UDP/20608
(I) 2020-08-03T12:02:37 - Successfully listening on IP: ::1, port: TCP/20608
(I) 2020-08-03T12:02:37 - Successfully listening on IP: ::1, port: UDP/20608
(I) 2020-08-03T12:02:37 - Successfully listening on IP: fe80::e61f:aa96:7f8d:faef%wlan0, port: TCP/20608
(I) 2020-08-03T12:02:37 - Successfully listening on IP: fe80::e61f:aa96:7f8d:faef%wlan0, port: UDP/20608
(I) 2020-08-03T12:02:37 - UPnP/NAT-PMP: Port mapping successful, message: successfully mapped port using UPnP. external port: TCP/20608
(I) 2020-08-03T12:02:37 - UPnP/NAT-PMP: Port mapping successful, message: successfully mapped port using UPnP. external port: UDP/20608
(I) 2020-08-03T12:02:37 - Detected external IP: 103.102.43.9
(N) 2020-08-03T12:02:39 - 'Good.Time.2017.720p.WEB-DL.800MB.MkvCage.mkv' restored.
(N) 2020-08-03T12:02:39 - 'How I Met Your Mother Season 1' restored.
(N) 2020-08-03T12:02:39 - 'Thappad.2020.1080p.AMZN.WEBRip.AAC.5.1.x265-ExCaLiBuR.mkv' restored.
(N) 2020-08-03T12:02:39 - 'Lord.Of.War.2005.1080p.bluray.DD.5.1.x265-ALiEN.mkv' restored.
(N) 2020-08-03T12:02:39 - 'Hirak Rajar Deshe (1980) - DvDRip - AC3 - x264 -= theRock7 =-' restored.
(N) 2020-08-03T12:02:39 - 'One.Day.2011.1080p.BluRay.H264.AAC-RARBG.mp4' restored.
(N) 2020-08-03T12:02:39 - 'The Terminal (2004)' restored.
(N) 2020-08-03T12:02:39 - 'Radioactive (2019) [720p] [WEBRip] [YTS.MX]' restored.
(N) 2020-08-03T12:02:39 - 'www.MovCr.to - The Lift Boy (2019) 720p UNTOUCHED NF WEBRip H264 AAC 900MB [MovCr].mkv' restored.
(N) 2020-08-03T12:02:39 - 'C Programming 2019 Become A Pro, Solve a Lot Of Exercises !' restored.
(N) 2020-08-03T12:02:39 - 'Mad Men [S01-S07]' restored.
(N) 2020-08-03T12:02:39 - 'Beginning Python from Novice by Magnus Lie Hetland.pdf' restored.
(N) 2020-08-03T12:02:39 - 'Nightcrawler (2014) [1080p]' restored.
(N) 2020-08-03T12:02:39 - 'Career Opportunities (1991) [WEBRip] [720p] [YTS.LT]' restored.
(N) 2020-08-03T12:02:39 - 'House MD Complete Season' restored.
(N) 2020-08-03T12:02:39 - 'Young Sheldon S01-S03 720p WEB-DL WEBRip HE-AAC 2CH HEVC x265-PSA' restored.
(N) 2020-08-03T12:02:39 - 'Joker.2019.1080p.BluRay.x264-AAA' restored.
(N) 2020-08-03T12:02:39 - 'De.Dag.S01.720p.SBS.WEB-DL.AAC2.0.H.264-BTN' restored.
(N) 2020-08-03T12:02:39 - 'Persepolis (2007) (1080p BluRay x265 HEVC 10bit AAC 5.1 French Tigole)' restored.
(N) 2020-08-03T12:02:39 - 'Qarib Qarib Singlle 2017 Hindi 1080p Zee5 WEB-DL AAC x264-NLT.mkv' restored.
(N) 2020-08-03T12:02:39 - 'IMDb Charts Top 250 Movies Megapack 1080p 10bit BluRay x265 HEVC-MRN' restored.
(N) 2020-08-03T12:02:39 - 'FrontEndMasters - Four Semesters of Computer Science in 5 Hours, Part 1 & 2' restored.
(N) 2020-08-03T12:02:39 - 'Photograph.2019.1080p.AMZN.WEBRip.AAC.5.1.x265-ALiEN.mkv' restored.
(N) 2020-08-03T12:02:39 - 'Once.Upon.a.Time.in.Hollywood.2019.1080p.BluRay.x265-RARBG.mp4' restored.
(N) 2020-08-03T12:02:39 - 'Masaan.2015.1080p.BRRip.x264.Hindi.AAC-ETRG' restored.
(N) 2020-08-03T12:02:39 - 'Fatal Frame 2014 1080p BluRay x264 Japanese AAC - Ozlem' restored.
(N) 2020-08-03T12:02:39 - 'Carl Jung' restored.
(N) 2020-08-03T12:02:39 - 'Satyajit Ray All Movies Bangla' restored.
(N) 2020-08-03T12:45:00 - qBittorrent v4.2.5 started
(N) 2020-08-03T12:45:00 - Using config directory: /home/tahmid/.config/qBittorrent/
(I) 2020-08-03T12:45:00 - Trying to listen on: 0.0.0.0:20608,[::]:20608
(N) 2020-08-03T12:45:00 - Peer ID: -qB4250-
(N) 2020-08-03T12:45:00 - HTTP User-Agent is 'qBittorrent/4.2.5'
(I) 2020-08-03T12:45:00 - DHT support [ON]
(I) 2020-08-03T12:45:00 - Local Peer Discovery support [ON]
(I) 2020-08-03T12:45:00 - PeX support [ON]
(I) 2020-08-03T12:45:00 - Anonymous mode [OFF]
(I) 2020-08-03T12:45:00 - Encryption support [ON]
(I) 2020-08-03T12:45:00 - UPnP / NAT-PMP support [ON]
(I) 2020-08-03T12:45:00 - IP geolocation database loaded. Type: DBIP-Country-Lite. Build time: Sat Aug 1 05:57:26 2020.
(N) 2020-08-03T12:45:13 - Options were saved successfully.
(I) 2020-08-03T12:45:14 - Successfully listening on IP: 127.0.0.1, port: TCP/20608
(I) 2020-08-03T12:45:14 - Successfully listening on IP: 127.0.0.1, port: UDP/20608
(I) 2020-08-03T12:45:14 - Successfully listening on IP: 192.168.1.105, port: TCP/20608
(I) 2020-08-03T12:45:14 - Successfully listening on IP: 192.168.1.105, port: UDP/20608
(I) 2020-08-03T12:45:14 - Successfully listening on IP: ::1, port: TCP/20608
(I) 2020-08-03T12:45:14 - Successfully listening on IP: ::1, port: UDP/20608
(I) 2020-08-03T12:45:14 - Successfully listening on IP: fe80::e61f:aa96:7f8d:faef%wlan0, port: TCP/20608
(I) 2020-08-03T12:45:14 - Successfully listening on IP: fe80::e61f:aa96:7f8d:faef%wlan0, port: UDP/20608
(I) 2020-08-03T12:45:14 - UPnP/NAT-PMP: Port mapping successful, message: successfully mapped port using UPnP. external port: TCP/20608
(I) 2020-08-03T12:45:14 - UPnP/NAT-PMP: Port mapping successful, message: successfully mapped port using UPnP. external port: UDP/20608
(I) 2020-08-03T12:45:14 - Detected external IP: 103.102.43.9
(N) 2020-08-03T12:45:16 - 'Good.Time.2017.720p.WEB-DL.800MB.MkvCage.mkv' restored.
(N) 2020-08-03T12:45:16 - 'How I Met Your Mother Season 1' restored.
(N) 2020-08-03T12:45:16 - 'Thappad.2020.1080p.AMZN.WEBRip.AAC.5.1.x265-ExCaLiBuR.mkv' restored.
(N) 2020-08-03T12:45:16 - 'Lord.Of.War.2005.1080p.bluray.DD.5.1.x265-ALiEN.mkv' restored.
(N) 2020-08-03T12:45:16 - 'Hirak Rajar Deshe (1980) - DvDRip - AC3 - x264 -= theRock7 =-' restored.
(N) 2020-08-03T12:45:16 - 'One.Day.2011.1080p.BluRay.H264.AAC-RARBG.mp4' restored.
(N) 2020-08-03T12:45:16 - 'The Terminal (2004)' restored.
(N) 2020-08-03T12:45:16 - 'Radioactive (2019) [720p] [WEBRip] [YTS.MX]' restored.
(N) 2020-08-03T12:45:16 - 'www.MovCr.to - The Lift Boy (2019) 720p UNTOUCHED NF WEBRip H264 AAC 900MB [MovCr].mkv' restored.
(N) 2020-08-03T12:45:16 - 'C Programming 2019 Become A Pro, Solve a Lot Of Exercises !' restored.
(N) 2020-08-03T12:45:16 - 'Mad Men [S01-S07]' restored.
(N) 2020-08-03T12:45:16 - 'Beginning Python from Novice by Magnus Lie Hetland.pdf' restored.
(N) 2020-08-03T12:45:16 - 'Nightcrawler (2014) [1080p]' restored.
(N) 2020-08-03T12:45:16 - 'Career Opportunities (1991) [WEBRip] [720p] [YTS.LT]' restored.
(N) 2020-08-03T12:45:16 - 'House MD Complete Season' restored.
(N) 2020-08-03T12:45:16 - 'Young Sheldon S01-S03 720p WEB-DL WEBRip HE-AAC 2CH HEVC x265-PSA' restored.
(N) 2020-08-03T12:45:16 - 'Joker.2019.1080p.BluRay.x264-AAA' restored.
(N) 2020-08-03T12:45:16 - 'De.Dag.S01.720p.SBS.WEB-DL.AAC2.0.H.264-BTN' restored.
(N) 2020-08-03T12:45:16 - 'Persepolis (2007) (1080p BluRay x265 HEVC 10bit AAC 5.1 French Tigole)' restored.
(N) 2020-08-03T12:45:16 - 'Qarib Qarib Singlle 2017 Hindi 1080p Zee5 WEB-DL AAC x264-NLT.mkv' restored.
(N) 2020-08-03T12:45:16 - 'IMDb Charts Top 250 Movies Megapack 1080p 10bit BluRay x265 HEVC-MRN' restored.
(N) 2020-08-03T12:45:16 - 'FrontEndMasters - Four Semesters of Computer Science in 5 Hours, Part 1 & 2' restored.
(N) 2020-08-03T12:45:16 - 'Photograph.2019.1080p.AMZN.WEBRip.AAC.5.1.x265-ALiEN.mkv' restored.
(N) 2020-08-03T12:45:16 - 'Once.Upon.a.Time.in.Hollywood.2019.1080p.BluRay.x265-RARBG.mp4' restored.
(N) 2020-08-03T12:45:16 - 'Masaan.2015.1080p.BRRip.x264.Hindi.AAC-ETRG' restored.
(N) 2020-08-03T12:45:16 - 'Fatal Frame 2014 1080p BluRay x264 Japanese AAC - Ozlem' restored.
(N) 2020-08-03T12:45:16 - 'Carl Jung' restored.
(N) 2020-08-03T12:45:16 - 'Satyajit Ray All Movies Bangla' restored.
(I) 2020-08-03T13:30:00 - UPnP/NAT-PMP: Port mapping successful, message: successfully mapped port using UPnP. external port: TCP/20608
(I) 2020-08-03T13:30:00 - UPnP/NAT-PMP: Port mapping successful, message: successfully mapped port using UPnP. external port: UDP/20608
(N) 2020-08-03T13:48:41 - qBittorrent v4.2.5 started
(N) 2020-08-03T13:48:41 - Using config directory: /home/tahmid/.config/qBittorrent/
(I) 2020-08-03T13:48:41 - Trying to listen on: 0.0.0.0:20608,[::]:20608
(N) 2020-08-03T13:48:42 - Peer ID: -qB4250-
(N) 2020-08-03T13:48:42 - HTTP User-Agent is 'qBittorrent/4.2.5'
(I) 2020-08-03T13:48:42 - DHT support [ON]
(I) 2020-08-03T13:48:42 - Local Peer Discovery support [ON]
(I) 2020-08-03T13:48:42 - PeX support [ON]
(I) 2020-08-03T13:48:42 - Anonymous mode [OFF]
(I) 2020-08-03T13:48:42 - Encryption support [ON]
(I) 2020-08-03T13:48:42 - UPnP / NAT-PMP support [ON]
(I) 2020-08-03T13:48:42 - IP geolocation database loaded. Type: DBIP-Country-Lite. Build time: Sat Aug 1 05:57:26 2020.
(N) 2020-08-03T13:48:55 - Options were saved successfully.
(I) 2020-08-03T13:48:56 - Successfully listening on IP: 127.0.0.1, port: TCP/20608
(I) 2020-08-03T13:48:56 - Successfully listening on IP: 127.0.0.1, port: UDP/20608
(I) 2020-08-03T13:48:56 - Successfully listening on IP: 192.168.1.105, port: TCP/20608
(I) 2020-08-03T13:48:56 - Successfully listening on IP: 192.168.1.105, port: UDP/20608
(I) 2020-08-03T13:48:56 - Successfully listening on IP: ::1, port: TCP/20608
(I) 2020-08-03T13:48:56 - Successfully listening on IP: ::1, port: UDP/20608
(I) 2020-08-03T13:48:56 - Successfully listening on IP: fe80::e61f:aa96:7f8d:faef%wlan0, port: TCP/20608
(I) 2020-08-03T13:48:56 - Successfully listening on IP: fe80::e61f:aa96:7f8d:faef%wlan0, port: UDP/20608
(I) 2020-08-03T13:48:56 - UPnP/NAT-PMP: Port mapping successful, message: successfully mapped port using UPnP. external port: TCP/20608
(I) 2020-08-03T13:48:56 - UPnP/NAT-PMP: Port mapping successful, message: successfully mapped port using UPnP. external port: UDP/20608
(I) 2020-08-03T13:48:56 - Detected external IP: 103.102.43.9
(N) 2020-08-03T13:48:58 - 'House MD Complete Season' restored.
(N) 2020-08-03T13:48:58 - 'Persepolis (2007) (1080p BluRay x265 HEVC 10bit AAC 5.1 French Tigole)' restored.
(N) 2020-08-03T13:48:58 - 'Satyajit Ray All Movies Bangla' restored.
(N) 2020-08-03T13:48:58 - 'Lord.Of.War.2005.1080p.bluray.DD.5.1.x265-ALiEN.mkv' restored.
(N) 2020-08-03T13:48:58 - 'Mad Men [S01-S07]' restored.
(N) 2020-08-03T13:48:58 - 'Joker.2019.1080p.BluRay.x264-AAA' restored.
(N) 2020-08-03T13:48:58 - 'FrontEndMasters - Four Semesters of Computer Science in 5 Hours, Part 1 & 2' restored.
(N) 2020-08-03T13:48:58 - 'Photograph.2019.1080p.AMZN.WEBRip.AAC.5.1.x265-ALiEN.mkv' restored.
(N) 2020-08-03T13:48:58 - 'Good.Time.2017.720p.WEB-DL.800MB.MkvCage.mkv' restored.
(N) 2020-08-03T13:48:58 - 'Thappad.2020.1080p.AMZN.WEBRip.AAC.5.1.x265-ExCaLiBuR.mkv' restored.
(N) 2020-08-03T13:48:58 - 'Masaan.2015.1080p.BRRip.x264.Hindi.AAC-ETRG' restored.
(N) 2020-08-03T13:48:58 - 'Fatal Frame 2014 1080p BluRay x264 Japanese AAC - Ozlem' restored.
(N) 2020-08-03T13:48:58 - 'Young Sheldon S01-S03 720p WEB-DL WEBRip HE-AAC 2CH HEVC x265-PSA' restored.
(N) 2020-08-03T13:48:58 - 'Radioactive (2019) [720p] [WEBRip] [YTS.MX]' restored.
(N) 2020-08-03T13:48:58 - 'Qarib Qarib Singlle 2017 Hindi 1080p Zee5 WEB-DL AAC x264-NLT.mkv' restored.
(N) 2020-08-03T13:48:58 - 'Beginning Python from Novice by Magnus Lie Hetland.pdf' restored.
(N) 2020-08-03T13:48:58 - 'IMDb Charts Top 250 Movies Megapack 1080p 10bit BluRay x265 HEVC-MRN' restored.
(N) 2020-08-03T13:48:58 - 'How I Met Your Mother Season 1' restored.
(N) 2020-08-03T13:48:58 - 'The Terminal (2004)' restored.
(N) 2020-08-03T13:48:58 - 'De.Dag.S01.720p.SBS.WEB-DL.AAC2.0.H.264-BTN' restored.
(N) 2020-08-03T13:48:58 - 'www.MovCr.to - The Lift Boy (2019) 720p UNTOUCHED NF WEBRip H264 AAC 900MB [MovCr].mkv' restored.
(N) 2020-08-03T13:48:58 - 'C Programming 2019 Become A Pro, Solve a Lot Of Exercises !' restored.
(N) 2020-08-03T13:48:58 - 'Nightcrawler (2014) [1080p]' restored.
(N) 2020-08-03T13:48:58 - 'One.Day.2011.1080p.BluRay.H264.AAC-RARBG.mp4' restored.
(N) 2020-08-03T13:48:58 - 'Hirak Rajar Deshe (1980) - DvDRip - AC3 - x264 -= theRock7 =-' restored.
(N) 2020-08-03T13:48:58 - 'Career Opportunities (1991) [WEBRip] [720p] [YTS.LT]' restored.
(N) 2020-08-03T13:48:58 - 'Once.Upon.a.Time.in.Hollywood.2019.1080p.BluRay.x265-RARBG.mp4' restored.
(N) 2020-08-03T13:48:58 - 'Carl Jung' restored.
(N) 2020-08-03T14:01:46 - qBittorrent v4.2.5 started
(N) 2020-08-03T14:01:46 - Using config directory: /home/tahmid/.config/qBittorrent/
(I) 2020-08-03T14:01:46 - Trying to listen on: 0.0.0.0:20608,[::]:20608
(N) 2020-08-03T14:01:46 - Peer ID: -qB4250-
(N) 2020-08-03T14:01:46 - HTTP User-Agent is 'qBittorrent/4.2.5'
(I) 2020-08-03T14:01:46 - DHT support [ON]
(I) 2020-08-03T14:01:46 - Local Peer Discovery support [ON]
(I) 2020-08-03T14:01:46 - PeX support [ON]
(I) 2020-08-03T14:01:46 - Anonymous mode [OFF]
(I) 2020-08-03T14:01:46 - Encryption support [ON]
(I) 2020-08-03T14:01:46 - UPnP / NAT-PMP support [ON]
(I) 2020-08-03T14:01:46 - IP geolocation database loaded. Type: DBIP-Country-Lite. Build time: Sat Aug 1 05:57:26 2020.
(N) 2020-08-03T14:01:55 - Options were saved successfully.
(I) 2020-08-03T14:01:55 - Successfully listening on IP: 127.0.0.1, port: TCP/20608
(I) 2020-08-03T14:01:55 - Successfully listening on IP: 127.0.0.1, port: UDP/20608
(I) 2020-08-03T14:01:55 - Successfully listening on IP: 192.168.1.105, port: TCP/20608
(I) 2020-08-03T14:01:55 - Successfully listening on IP: 192.168.1.105, port: UDP/20608
(I) 2020-08-03T14:01:55 - Successfully listening on IP: ::1, port: TCP/20608
(I) 2020-08-03T14:01:55 - Successfully listening on IP: ::1, port: UDP/20608
(I) 2020-08-03T14:01:55 - Successfully listening on IP: fe80::e61f:aa96:7f8d:faef%wlan0, port: TCP/20608
(I) 2020-08-03T14:01:55 - Successfully listening on IP: fe80::e61f:aa96:7f8d:faef%wlan0, port: UDP/20608
(I) 2020-08-03T14:01:55 - UPnP/NAT-PMP: Port mapping successful, message: successfully mapped port using UPnP. external port: TCP/20608
(I) 2020-08-03T14:01:55 - UPnP/NAT-PMP: Port mapping successful, message: successfully mapped port using UPnP. external port: UDP/20608
(I) 2020-08-03T14:01:55 - Detected external IP: 103.102.43.9
(N) 2020-08-03T14:01:58 - 'House MD Complete Season' restored.
(N) 2020-08-03T14:01:58 - 'Persepolis (2007) (1080p BluRay x265 HEVC 10bit AAC 5.1 French Tigole)' restored.
(N) 2020-08-03T14:01:58 - 'Satyajit Ray All Movies Bangla' restored.
(N) 2020-08-03T14:01:58 - 'Lord.Of.War.2005.1080p.bluray.DD.5.1.x265-ALiEN.mkv' restored.
(N) 2020-08-03T14:01:58 - 'Mad Men [S01-S07]' restored.
(N) 2020-08-03T14:01:58 - 'Joker.2019.1080p.BluRay.x264-AAA' restored.
(N) 2020-08-03T14:01:58 - 'FrontEndMasters - Four Semesters of Computer Science in 5 Hours, Part 1 & 2' restored.
(N) 2020-08-03T14:01:58 - 'Photograph.2019.1080p.AMZN.WEBRip.AAC.5.1.x265-ALiEN.mkv' restored.
(N) 2020-08-03T14:01:58 - 'Good.Time.2017.720p.WEB-DL.800MB.MkvCage.mkv' restored.
(N) 2020-08-03T14:01:58 - 'Thappad.2020.1080p.AMZN.WEBRip.AAC.5.1.x265-ExCaLiBuR.mkv' restored.
(N) 2020-08-03T14:01:58 - 'Masaan.2015.1080p.BRRip.x264.Hindi.AAC-ETRG' restored.
(N) 2020-08-03T14:01:58 - 'Fatal Frame 2014 1080p BluRay x264 Japanese AAC - Ozlem' restored.
(N) 2020-08-03T14:01:58 - 'Young Sheldon S01-S03 720p WEB-DL WEBRip HE-AAC 2CH HEVC x265-PSA' restored.
(N) 2020-08-03T14:01:58 - 'Radioactive (2019) [720p] [WEBRip] [YTS.MX]' restored.
(N) 2020-08-03T14:01:58 - 'Qarib Qarib Singlle 2017 Hindi 1080p Zee5 WEB-DL AAC x264-NLT.mkv' restored.
(N) 2020-08-03T14:01:58 - 'Beginning Python from Novice by Magnus Lie Hetland.pdf' restored.
(N) 2020-08-03T14:01:58 - 'IMDb Charts Top 250 Movies Megapack 1080p 10bit BluRay x265 HEVC-MRN' restored.
(N) 2020-08-03T14:01:58 - 'How I Met Your Mother Season 1' restored.
(N) 2020-08-03T14:01:58 - 'The Terminal (2004)' restored.
(N) 2020-08-03T14:01:58 - 'De.Dag.S01.720p.SBS.WEB-DL.AAC2.0.H.264-BTN' restored.
(N) 2020-08-03T14:01:58 - 'www.MovCr.to - The Lift Boy (2019) 720p UNTOUCHED NF WEBRip H264 AAC 900MB [MovCr].mkv' restored.
(N) 2020-08-03T14:01:58 - 'C Programming 2019 Become A Pro, Solve a Lot Of Exercises !' restored.
(N) 2020-08-03T14:01:58 - 'Nightcrawler (2014) [1080p]' restored.
(N) 2020-08-03T14:01:58 - 'One.Day.2011.1080p.BluRay.H264.AAC-RARBG.mp4' restored.
(N) 2020-08-03T14:01:58 - 'Hirak Rajar Deshe (1980) - DvDRip - AC3 - x264 -= theRock7 =-' restored.
(N) 2020-08-03T14:01:58 - 'Career Opportunities (1991) [WEBRip] [720p] [YTS.LT]' restored.
(N) 2020-08-03T14:01:58 - 'Once.Upon.a.Time.in.Hollywood.2019.1080p.BluRay.x265-RARBG.mp4' restored.
(N) 2020-08-03T14:01:58 - 'Carl Jung' restored.
(N) 2020-08-03T14:51:07 - qBittorrent v4.2.5 started
(N) 2020-08-03T14:51:07 - Using config directory: /home/tahmid/.config/qBittorrent/
(I) 2020-08-03T14:51:07 - Trying to listen on: 0.0.0.0:20608,[::]:20608
(N) 2020-08-03T14:51:07 - Peer ID: -qB4250-
(N) 2020-08-03T14:51:07 - HTTP User-Agent is 'qBittorrent/4.2.5'
(I) 2020-08-03T14:51:07 - DHT support [ON]
(I) 2020-08-03T14:51:07 - Local Peer Discovery support [ON]
(I) 2020-08-03T14:51:07 - PeX support [ON]
(I) 2020-08-03T14:51:07 - Anonymous mode [OFF]
(I) 2020-08-03T14:51:07 - Encryption support [ON]
(I) 2020-08-03T14:51:07 - UPnP / NAT-PMP support [ON]
(I) 2020-08-03T14:51:08 - IP geolocation database loaded. Type: DBIP-Country-Lite. Build time: Sat Aug 1 05:57:26 2020.
(N) 2020-08-03T14:51:28 - Options were saved successfully.
(I) 2020-08-03T14:51:29 - Successfully listening on IP: 127.0.0.1, port: TCP/20608
(I) 2020-08-03T14:51:29 - Successfully listening on IP: 127.0.0.1, port: UDP/20608
(I) 2020-08-03T14:51:29 - Successfully listening on IP: 192.168.1.105, port: TCP/20608
(I) 2020-08-03T14:51:29 - Successfully listening on IP: 192.168.1.105, port: UDP/20608
(I) 2020-08-03T14:51:29 - Successfully listening on IP: ::1, port: TCP/20608
(I) 2020-08-03T14:51:29 - Successfully listening on IP: ::1, port: UDP/20608
(I) 2020-08-03T14:51:29 - Successfully listening on IP: fe80::e61f:aa96:7f8d:faef%wlan0, port: TCP/20608
(I) 2020-08-03T14:51:29 - Successfully listening on IP: fe80::e61f:aa96:7f8d:faef%wlan0, port: UDP/20608
(I) 2020-08-03T14:51:29 - UPnP/NAT-PMP: Port mapping successful, message: successfully mapped port using UPnP. external port: TCP/20608
(I) 2020-08-03T14:51:29 - UPnP/NAT-PMP: Port mapping successful, message: successfully mapped port using UPnP. external port: UDP/20608
(I) 2020-08-03T14:51:29 - Detected external IP: 103.102.43.9
(N) 2020-08-03T14:51:31 - 'House MD Complete Season' restored.
(N) 2020-08-03T14:51:31 - 'Persepolis (2007) (1080p BluRay x265 HEVC 10bit AAC 5.1 French Tigole)' restored.
(N) 2020-08-03T14:51:31 - 'Satyajit Ray All Movies Bangla' restored.
(N) 2020-08-03T14:51:31 - 'Lord.Of.War.2005.1080p.bluray.DD.5.1.x265-ALiEN.mkv' restored.
(N) 2020-08-03T14:51:31 - 'Mad Men [S01-S07]' restored.
(N) 2020-08-03T14:51:31 - 'Joker.2019.1080p.BluRay.x264-AAA' restored.
(N) 2020-08-03T14:51:31 - 'FrontEndMasters - Four Semesters of Computer Science in 5 Hours, Part 1 & 2' restored.
(N) 2020-08-03T14:51:31 - 'Photograph.2019.1080p.AMZN.WEBRip.AAC.5.1.x265-ALiEN.mkv' restored.
(N) 2020-08-03T14:51:31 - 'Good.Time.2017.720p.WEB-DL.800MB.MkvCage.mkv' restored.
(N) 2020-08-03T14:51:31 - 'Thappad.2020.1080p.AMZN.WEBRip.AAC.5.1.x265-ExCaLiBuR.mkv' restored.
(N) 2020-08-03T14:51:31 - 'Masaan.2015.1080p.BRRip.x264.Hindi.AAC-ETRG' restored.
(N) 2020-08-03T14:51:31 - 'Fatal Frame 2014 1080p BluRay x264 Japanese AAC - Ozlem' restored.
(N) 2020-08-03T14:51:31 - 'Young Sheldon S01-S03 720p WEB-DL WEBRip HE-AAC 2CH HEVC x265-PSA' restored.
(N) 2020-08-03T14:51:31 - 'Radioactive (2019) [720p] [WEBRip] [YTS.MX]' restored.
(N) 2020-08-03T14:51:31 - 'Qarib Qarib Singlle 2017 Hindi 1080p Zee5 WEB-DL AAC x264-NLT.mkv' restored.
(N) 2020-08-03T14:51:31 - 'Beginning Python from Novice by Magnus Lie Hetland.pdf' restored.
(N) 2020-08-03T14:51:31 - 'IMDb Charts Top 250 Movies Megapack 1080p 10bit BluRay x265 HEVC-MRN' restored.
(N) 2020-08-03T14:51:31 - 'How I Met Your Mother Season 1' restored.
(N) 2020-08-03T14:51:31 - 'The Terminal (2004)' restored.
(N) 2020-08-03T14:51:31 - 'De.Dag.S01.720p.SBS.WEB-DL.AAC2.0.H.264-BTN' restored.
(N) 2020-08-03T14:51:31 - 'www.MovCr.to - The Lift Boy (2019) 720p UNTOUCHED NF WEBRip H264 AAC 900MB [MovCr].mkv' restored.
(N) 2020-08-03T14:51:31 - 'C Programming 2019 Become A Pro, Solve a Lot Of Exercises !' restored.
(N) 2020-08-03T14:51:31 - 'Nightcrawler (2014) [1080p]' restored.
(N) 2020-08-03T14:51:31 - 'One.Day.2011.1080p.BluRay.H264.AAC-RARBG.mp4' restored.
(N) 2020-08-03T14:51:31 - 'Hirak Rajar Deshe (1980) - DvDRip - AC3 - x264 -= theRock7 =-' restored.
(N) 2020-08-03T14:51:31 - 'Career Opportunities (1991) [WEBRip] [720p] [YTS.LT]' restored.
(N) 2020-08-03T14:51:31 - 'Once.Upon.a.Time.in.Hollywood.2019.1080p.BluRay.x265-RARBG.mp4' restored.
(N) 2020-08-03T14:51:31 - 'Carl Jung' restored.
(N) 2020-08-03T14:58:22 - qBittorrent v4.2.5 started
(N) 2020-08-03T14:58:22 - Using config directory: /home/tahmid/.config/qBittorrent/
(I) 2020-08-03T14:58:23 - Trying to listen on: 0.0.0.0:20608,[::]:20608
(N) 2020-08-03T14:58:23 - Peer ID: -qB4250-
(N) 2020-08-03T14:58:23 - HTTP User-Agent is 'qBittorrent/4.2.5'
(I) 2020-08-03T14:58:23 - DHT support [ON]
(I) 2020-08-03T14:58:23 - Local Peer Discovery support [ON]
(I) 2020-08-03T14:58:23 - PeX support [ON]
(I) 2020-08-03T14:58:23 - Anonymous mode [OFF]
(I) 2020-08-03T14:58:23 - Encryption support [ON]
(I) 2020-08-03T14:58:23 - UPnP / NAT-PMP support [ON]
(I) 2020-08-03T14:58:23 - IP geolocation database loaded. Type: DBIP-Country-Lite. Build time: Sat Aug 1 05:57:26 2020.
(N) 2020-08-03T14:58:34 - Options were saved successfully.
(I) 2020-08-03T14:58:35 - Successfully listening on IP: 127.0.0.1, port: TCP/20608
(I) 2020-08-03T14:58:35 - Successfully listening on IP: 127.0.0.1, port: UDP/20608
(I) 2020-08-03T14:58:35 - Successfully listening on IP: 192.168.1.105, port: TCP/20608
(I) 2020-08-03T14:58:35 - Successfully listening on IP: 192.168.1.105, port: UDP/20608
(I) 2020-08-03T14:58:35 - Successfully listening on IP: ::1, port: TCP/20608
(I) 2020-08-03T14:58:35 - Successfully listening on IP: ::1, port: UDP/20608
(I) 2020-08-03T14:58:35 - Successfully listening on IP: fe80::e61f:aa96:7f8d:faef%wlan0, port: TCP/20608
(I) 2020-08-03T14:58:35 - Successfully listening on IP: fe80::e61f:aa96:7f8d:faef%wlan0, port: UDP/20608
(I) 2020-08-03T14:58:35 - UPnP/NAT-PMP: Port mapping successful, message: successfully mapped port using UPnP. external port: TCP/20608
(I) 2020-08-03T14:58:35 - UPnP/NAT-PMP: Port mapping successful, message: successfully mapped port using UPnP. external port: UDP/20608
(I) 2020-08-03T14:58:35 - Detected external IP: 103.102.43.9
(N) 2020-08-03T15:03:37 - qBittorrent v4.2.5 started
(N) 2020-08-03T15:03:37 - Using config directory: /home/tahmid/.config/qBittorrent/
(I) 2020-08-03T15:03:37 - Trying to listen on: 0.0.0.0:20608,[::]:20608
(N) 2020-08-03T15:03:37 - Peer ID: -qB4250-
(N) 2020-08-03T15:03:37 - HTTP User-Agent is 'qBittorrent/4.2.5'
(I) 2020-08-03T15:03:37 - DHT support [ON]
(I) 2020-08-03T15:03:37 - Local Peer Discovery support [ON]
(I) 2020-08-03T15:03:37 - PeX support [ON]
(I) 2020-08-03T15:03:37 - Anonymous mode [OFF]
(I) 2020-08-03T15:03:37 - Encryption support [ON]
(I) 2020-08-03T15:03:37 - UPnP / NAT-PMP support [ON]
(I) 2020-08-03T15:03:37 - IP geolocation database loaded. Type: DBIP-Country-Lite. Build time: Sat Aug 1 05:57:26 2020.
(N) 2020-08-03T15:03:50 - Options were saved successfully.
(I) 2020-08-03T15:03:50 - Successfully listening on IP: 127.0.0.1, port: TCP/20608
(I) 2020-08-03T15:03:50 - Successfully listening on IP: 127.0.0.1, port: UDP/20608
(I) 2020-08-03T15:03:50 - Successfully listening on IP: 192.168.1.105, port: TCP/20608
(I) 2020-08-03T15:03:50 - Successfully listening on IP: 192.168.1.105, port: UDP/20608
(I) 2020-08-03T15:03:50 - Successfully listening on IP: ::1, port: TCP/20608
(I) 2020-08-03T15:03:50 - Successfully listening on IP: ::1, port: UDP/20608
(I) 2020-08-03T15:03:50 - Successfully listening on IP: fe80::e61f:aa96:7f8d:faef%wlan0, port: TCP/20608
(I) 2020-08-03T15:03:50 - Successfully listening on IP: fe80::e61f:aa96:7f8d:faef%wlan0, port: UDP/20608
(I) 2020-08-03T15:03:50 - UPnP/NAT-PMP: Port mapping successful, message: successfully mapped port using UPnP. external port: TCP/20608
(I) 2020-08-03T15:03:50 - UPnP/NAT-PMP: Port mapping successful, message: successfully mapped port using UPnP. external port: UDP/20608
(I) 2020-08-03T15:03:50 - Detected external IP: 103.102.43.9
(N) 2020-08-03T15:03:53 - 'House MD Complete Season' restored.
(N) 2020-08-03T15:03:53 - 'Persepolis (2007) (1080p BluRay x265 HEVC 10bit AAC 5.1 French Tigole)' restored.
(N) 2020-08-03T15:03:53 - 'Satyajit Ray All Movies Bangla' restored.
(N) 2020-08-03T15:03:53 - 'Lord.Of.War.2005.1080p.bluray.DD.5.1.x265-ALiEN.mkv' restored.
(N) 2020-08-03T15:03:53 - 'Mad Men [S01-S07]' restored.
(N) 2020-08-03T15:03:53 - 'Joker.2019.1080p.BluRay.x264-AAA' restored.
(N) 2020-08-03T15:03:53 - 'FrontEndMasters - Four Semesters of Computer Science in 5 Hours, Part 1 & 2' restored.
(N) 2020-08-03T15:03:53 - 'Photograph.2019.1080p.AMZN.WEBRip.AAC.5.1.x265-ALiEN.mkv' restored.
(N) 2020-08-03T15:03:53 - 'Good.Time.2017.720p.WEB-DL.800MB.MkvCage.mkv' restored.
(N) 2020-08-03T15:03:53 - 'Thappad.2020.1080p.AMZN.WEBRip.AAC.5.1.x265-ExCaLiBuR.mkv' restored.
(N) 2020-08-03T15:03:53 - 'Masaan.2015.1080p.BRRip.x264.Hindi.AAC-ETRG' restored.
(N) 2020-08-03T15:03:53 - 'Fatal Frame 2014 1080p BluRay x264 Japanese AAC - Ozlem' restored.
(N) 2020-08-03T15:03:53 - 'Young Sheldon S01-S03 720p WEB-DL WEBRip HE-AAC 2CH HEVC x265-PSA' restored.
(N) 2020-08-03T15:03:53 - 'Radioactive (2019) [720p] [WEBRip] [YTS.MX]' restored.
(N) 2020-08-03T15:03:53 - 'Qarib Qarib Singlle 2017 Hindi 1080p Zee5 WEB-DL AAC x264-NLT.mkv' restored.
(N) 2020-08-03T15:03:53 - 'Beginning Python from Novice by Magnus Lie Hetland.pdf' restored.
(N) 2020-08-03T15:03:53 - 'IMDb Charts Top 250 Movies Megapack 1080p 10bit BluRay x265 HEVC-MRN' restored.
(N) 2020-08-03T15:03:53 - 'How I Met Your Mother Season 1' restored.
(N) 2020-08-03T15:03:53 - 'The Terminal (2004)' restored.
(N) 2020-08-03T15:03:53 - 'De.Dag.S01.720p.SBS.WEB-DL.AAC2.0.H.264-BTN' restored.
(N) 2020-08-03T15:03:53 - 'www.MovCr.to - The Lift Boy (2019) 720p UNTOUCHED NF WEBRip H264 AAC 900MB [MovCr].mkv' restored.
(N) 2020-08-03T15:03:53 - 'C Programming 2019 Become A Pro, Solve a Lot Of Exercises !' restored.
(N) 2020-08-03T15:03:53 - 'Nightcrawler (2014) [1080p]' restored.
(N) 2020-08-03T15:03:53 - 'One.Day.2011.1080p.BluRay.H264.AAC-RARBG.mp4' restored.
(N) 2020-08-03T15:03:53 - 'Hirak Rajar Deshe (1980) - DvDRip - AC3 - x264 -= theRock7 =-' restored.
(N) 2020-08-03T15:03:53 - 'Career Opportunities (1991) [WEBRip] [720p] [YTS.LT]' restored.
(N) 2020-08-03T15:03:53 - 'Once.Upon.a.Time.in.Hollywood.2019.1080p.BluRay.x265-RARBG.mp4' restored.
(N) 2020-08-03T15:03:53 - 'Carl Jung' restored.
(N) 2020-08-03T16:10:24 - qBittorrent v4.2.5 started
(N) 2020-08-03T16:10:24 - Using config directory: /home/tahmid/.config/qBittorrent/
(I) 2020-08-03T16:10:25 - Trying to listen on: 0.0.0.0:20608,[::]:20608
(N) 2020-08-03T16:10:25 - Peer ID: -qB4250-
(N) 2020-08-03T16:10:25 - HTTP User-Agent is 'qBittorrent/4.2.5'
(I) 2020-08-03T16:10:25 - DHT support [ON]
(I) 2020-08-03T16:10:25 - Local Peer Discovery support [ON]
(I) 2020-08-03T16:10:25 - PeX support [ON]
(I) 2020-08-03T16:10:25 - Anonymous mode [OFF]
(I) 2020-08-03T16:10:25 - Encryption support [ON]
(I) 2020-08-03T16:10:25 - UPnP / NAT-PMP support [ON]
(I) 2020-08-03T16:10:25 - IP geolocation database loaded. Type: DBIP-Country-Lite. Build time: Sat Aug 1 05:57:26 2020.
(N) 2020-08-03T16:21:26 - qBittorrent v4.2.5 started
(N) 2020-08-03T16:21:26 - Using config directory: /home/tahmid/.config/qBittorrent/
(I) 2020-08-03T16:21:26 - Trying to listen on: 0.0.0.0:20608,[::]:20608
(N) 2020-08-03T16:21:26 - Peer ID: -qB4250-
(N) 2020-08-03T16:21:26 - HTTP User-Agent is 'qBittorrent/4.2.5'
(I) 2020-08-03T16:21:26 - DHT support [ON]
(I) 2020-08-03T16:21:26 - Local Peer Discovery support [ON]
(I) 2020-08-03T16:21:26 - PeX support [ON]
(I) 2020-08-03T16:21:26 - Anonymous mode [OFF]
(I) 2020-08-03T16:21:26 - Encryption support [ON]
(I) 2020-08-03T16:21:26 - UPnP / NAT-PMP support [ON]
(I) 2020-08-03T16:21:26 - IP geolocation database loaded. Type: DBIP-Country-Lite. Build time: Sat Aug 1 05:57:26 2020.
(N) 2020-08-03T16:21:40 - Options were saved successfully.
(I) 2020-08-03T16:21:40 - Successfully listening on IP: 127.0.0.1, port: TCP/20608
(I) 2020-08-03T16:21:40 - Successfully listening on IP: 127.0.0.1, port: UDP/20608
(I) 2020-08-03T16:21:40 - Successfully listening on IP: 192.168.1.105, port: TCP/20608
(I) 2020-08-03T16:21:40 - Successfully listening on IP: 192.168.1.105, port: UDP/20608
(I) 2020-08-03T16:21:40 - Successfully listening on IP: ::1, port: TCP/20608
(I) 2020-08-03T16:21:40 - Successfully listening on IP: ::1, port: UDP/20608
(I) 2020-08-03T16:21:40 - Successfully listening on IP: fe80::e61f:aa96:7f8d:faef%wlan0, port: TCP/20608
(I) 2020-08-03T16:21:40 - Successfully listening on IP: fe80::e61f:aa96:7f8d:faef%wlan0, port: UDP/20608
(I) 2020-08-03T16:21:40 - UPnP/NAT-PMP: Port mapping successful, message: successfully mapped port using UPnP. external port: TCP/20608
(I) 2020-08-03T16:21:40 - UPnP/NAT-PMP: Port mapping successful, message: successfully mapped port using UPnP. external port: UDP/20608
(I) 2020-08-03T16:21:40 - Detected external IP: 103.102.43.17
(N) 2020-08-03T16:21:43 - 'House MD Complete Season' restored.
(N) 2020-08-03T16:21:43 - 'Persepolis (2007) (1080p BluRay x265 HEVC 10bit AAC 5.1 French Tigole)' restored.
(N) 2020-08-03T16:21:43 - 'Satyajit Ray All Movies Bangla' restored.
(N) 2020-08-03T16:21:43 - 'Lord.Of.War.2005.1080p.bluray.DD.5.1.x265-ALiEN.mkv' restored.
(N) 2020-08-03T16:21:43 - 'Mad Men [S01-S07]' restored.
(N) 2020-08-03T16:21:43 - 'Joker.2019.1080p.BluRay.x264-AAA' restored.
(N) 2020-08-03T16:21:43 - 'FrontEndMasters - Four Semesters of Computer Science in 5 Hours, Part 1 & 2' restored.
(N) 2020-08-03T16:21:43 - 'Photograph.2019.1080p.AMZN.WEBRip.AAC.5.1.x265-ALiEN.mkv' restored.
(N) 2020-08-03T16:21:43 - 'Good.Time.2017.720p.WEB-DL.800MB.MkvCage.mkv' restored.
(N) 2020-08-03T16:21:43 - 'Thappad.2020.1080p.AMZN.WEBRip.AAC.5.1.x265-ExCaLiBuR.mkv' restored.
(N) 2020-08-03T16:21:43 - 'Masaan.2015.1080p.BRRip.x264.Hindi.AAC-ETRG' restored.
(N) 2020-08-03T16:21:43 - 'Fatal Frame 2014 1080p BluRay x264 Japanese AAC - Ozlem' restored.
(N) 2020-08-03T16:21:43 - 'Young Sheldon S01-S03 720p WEB-DL WEBRip HE-AAC 2CH HEVC x265-PSA' restored.
(N) 2020-08-03T16:21:43 - 'Radioactive (2019) [720p] [WEBRip] [YTS.MX]' restored.
(N) 2020-08-03T16:21:43 - 'Qarib Qarib Singlle 2017 Hindi 1080p Zee5 WEB-DL AAC x264-NLT.mkv' restored.
(N) 2020-08-03T16:21:43 - 'Beginning Python from Novice by Magnus Lie Hetland.pdf' restored.
(N) 2020-08-03T16:21:43 - 'IMDb Charts Top 250 Movies Megapack 1080p 10bit BluRay x265 HEVC-MRN' restored.
(N) 2020-08-03T16:21:43 - 'How I Met Your Mother Season 1' restored.
(N) 2020-08-03T16:21:43 - 'The Terminal (2004)' restored.
(N) 2020-08-03T16:21:43 - 'De.Dag.S01.720p.SBS.WEB-DL.AAC2.0.H.264-BTN' restored.
(N) 2020-08-03T16:21:43 - 'www.MovCr.to - The Lift Boy (2019) 720p UNTOUCHED NF WEBRip H264 AAC 900MB [MovCr].mkv' restored.
(N) 2020-08-03T16:21:43 - 'C Programming 2019 Become A Pro, Solve a Lot Of Exercises !' restored.
(N) 2020-08-03T16:21:43 - 'Nightcrawler (2014) [1080p]' restored.
(N) 2020-08-03T16:21:43 - 'One.Day.2011.1080p.BluRay.H264.AAC-RARBG.mp4' restored.
(N) 2020-08-03T16:21:43 - 'Hirak Rajar Deshe (1980) - DvDRip - AC3 - x264 -= theRock7 =-' restored.
(N) 2020-08-03T16:21:43 - 'Career Opportunities (1991) [WEBRip] [720p] [YTS.LT]' restored.
(N) 2020-08-03T16:21:43 - 'Once.Upon.a.Time.in.Hollywood.2019.1080p.BluRay.x265-RARBG.mp4' restored.
(N) 2020-08-03T16:21:43 - 'Carl Jung' restored.
(I) 2020-08-03T17:06:26 - UPnP/NAT-PMP: Port mapping successful, message: successfully mapped port using UPnP. external port: TCP/20608
(I) 2020-08-03T17:06:26 - UPnP/NAT-PMP: Port mapping successful, message: successfully mapped port using UPnP. external port: UDP/20608
(I) 2020-08-03T19:21:25 - System network status changed to OFFLINE
(I) 2020-08-03T19:21:28 - Successfully listening on IP: 192.168.1.105, port: TCP/20608
(I) 2020-08-03T19:21:28 - Successfully listening on IP: 192.168.1.105, port: UDP/20608
(I) 2020-08-03T19:21:28 - System network status changed to ONLINE
(I) 2020-08-03T19:21:28 - UPnP/NAT-PMP: Port mapping successful, message: successfully mapped port using UPnP. external port: TCP/20608
(I) 2020-08-03T19:21:28 - UPnP/NAT-PMP: Port mapping successful, message: successfully mapped port using UPnP. external port: UDP/20608
(I) 2020-08-03T19:21:28 - Successfully listening on IP: fe80::e61f:aa96:7f8d:faef%wlan0, port: TCP/20608
(I) 2020-08-03T19:21:28 - Successfully listening on IP: fe80::e61f:aa96:7f8d:faef%wlan0, port: UDP/20608
(I) 2020-08-03T19:21:32 - Detected external IP: 103.102.43.17
(I) 2020-08-03T20:06:28 - UPnP/NAT-PMP: Port mapping successful, message: successfully mapped port using UPnP. external port: TCP/20608
(I) 2020-08-03T20:06:28 - UPnP/NAT-PMP: Port mapping successful, message: successfully mapped port using UPnP. external port: UDP/20608
(I) 2020-08-03T20:51:28 - UPnP/NAT-PMP: Port mapping successful, message: successfully mapped port using UPnP. external port: TCP/20608
(I) 2020-08-03T20:51:28 - UPnP/NAT-PMP: Port mapping successful, message: successfully mapped port using UPnP. external port: UDP/20608
(I) 2020-08-03T21:36:28 - UPnP/NAT-PMP: Port mapping successful, message: successfully mapped port using UPnP. external port: TCP/20608
(I) 2020-08-03T21:36:28 - UPnP/NAT-PMP: Port mapping successful, message: successfully mapped port using UPnP. external port: UDP/20608
(C) 2020-08-03T22:07:05 - UPnP/NAT-PMP: Port mapping failure, message: could not map port using UPnP: -1 (unknown HTTP error)
(C) 2020-08-03T22:07:05 - UPnP/NAT-PMP: Port mapping failure, message: could not map port using UPnP: -1 (unknown HTTP error)
(I) 2020-08-03T22:07:15 - System network status changed to OFFLINE
(I) 2020-08-03T22:07:20 - Successfully listening on IP: 192.168.0.102, port: TCP/20608
(I) 2020-08-03T22:07:20 - Successfully listening on IP: 192.168.0.102, port: UDP/20608
(I) 2020-08-03T22:07:20 - System network status changed to ONLINE
(I) 2020-08-03T22:07:20 - Successfully listening on IP: 192.168.0.102, port: TCP/20608
(I) 2020-08-03T22:07:20 - Successfully listening on IP: 192.168.0.102, port: UDP/20608
(I) 2020-08-03T22:07:21 - Successfully listening on IP: fe80::23ee:9bc5:9643:3c47%wlan0, port: TCP/20608
(I) 2020-08-03T22:07:21 - Successfully listening on IP: fe80::23ee:9bc5:9643:3c47%wlan0, port: UDP/20608
(I) 2020-08-03T22:07:26 - Detected external IP: 27.147.191.184
(C) 2020-08-03T22:09:56 - UPnP/NAT-PMP: Port mapping failure, message: could not map port using UPnP: no router found
(C) 2020-08-03T22:09:56 - UPnP/NAT-PMP: Port mapping failure, message: could not map port using UPnP: no router found
(I) 2020-08-03T22:14:22 - Successfully listening on IP: 192.168.0.102, port: TCP/20608
(I) 2020-08-03T22:14:22 - Successfully listening on IP: 192.168.0.102, port: UDP/20608
(I) 2020-08-03T22:14:22 - Successfully listening on IP: 192.168.0.102, port: TCP/20608
(I) 2020-08-03T22:14:22 - Successfully listening on IP: 192.168.0.102, port: UDP/20608
(I) 2020-08-03T22:14:22 - System network status changed to OFFLINE
(I) 2020-08-03T22:15:52 - Successfully listening on IP: 192.168.1.105, port: TCP/20608
(I) 2020-08-03T22:15:52 - Successfully listening on IP: 192.168.1.105, port: UDP/20608
(I) 2020-08-03T22:15:52 - System network status changed to ONLINE
(I) 2020-08-03T22:15:52 - UPnP/NAT-PMP: Port mapping successful, message: successfully mapped port using UPnP. external port: TCP/20608
(I) 2020-08-03T22:15:52 - UPnP/NAT-PMP: Port mapping successful, message: successfully mapped port using UPnP. external port: UDP/20608
(I) 2020-08-03T22:15:53 - Successfully listening on IP: fe80::e61f:aa96:7f8d:faef%wlan0, port: TCP/20608
(I) 2020-08-03T22:15:53 - Successfully listening on IP: fe80::e61f:aa96:7f8d:faef%wlan0, port: UDP/20608
(I) 2020-08-03T22:15:56 - Detected external IP: 103.102.43.17
(I) 2020-08-03T23:00:52 - UPnP/NAT-PMP: Port mapping successful, message: successfully mapped port using UPnP. external port: TCP/20608
(I) 2020-08-03T23:00:52 - UPnP/NAT-PMP: Port mapping successful, message: successfully mapped port using UPnP. external port: UDP/20608
(I) 2020-08-03T23:45:52 - UPnP/NAT-PMP: Port mapping successful, message: successfully mapped port using UPnP. external port: TCP/20608
(I) 2020-08-03T23:45:52 - UPnP/NAT-PMP: Port mapping successful, message: successfully mapped port using UPnP. external port: UDP/20608
(I) 2020-08-04T00:30:52 - UPnP/NAT-PMP: Port mapping successful, message: successfully mapped port using UPnP. external port: TCP/20608
(I) 2020-08-04T00:30:52 - UPnP/NAT-PMP: Port mapping successful, message: successfully mapped port using UPnP. external port: UDP/20608
(I) 2020-08-04T01:15:52 - UPnP/NAT-PMP: Port mapping successful, message: successfully mapped port using UPnP. external port: TCP/20608
(I) 2020-08-04T01:15:52 - UPnP/NAT-PMP: Port mapping successful, message: successfully mapped port using UPnP. external port: UDP/20608
(N) 2020-08-04T09:46:48 - qBittorrent v4.2.5 started
(N) 2020-08-04T09:46:48 - Using config directory: /home/tahmid/.config/qBittorrent/
(I) 2020-08-04T09:46:48 - Trying to listen on: 0.0.0.0:20608,[::]:20608
(N) 2020-08-04T09:46:49 - Peer ID: -qB4250-
(N) 2020-08-04T09:46:49 - HTTP User-Agent is 'qBittorrent/4.2.5'
(I) 2020-08-04T09:46:49 - DHT support [ON]
(I) 2020-08-04T09:46:49 - Local Peer Discovery support [ON]
(I) 2020-08-04T09:46:49 - PeX support [ON]
(I) 2020-08-04T09:46:49 - Anonymous mode [OFF]
(I) 2020-08-04T09:46:49 - Encryption support [ON]
(I) 2020-08-04T09:46:49 - UPnP / NAT-PMP support [ON]
(I) 2020-08-04T09:46:49 - IP geolocation database loaded. Type: DBIP-Country-Lite. Build time: Sat Aug 1 05:57:26 2020.
(N) 2020-08-04T09:46:56 - Options were saved successfully.
(I) 2020-08-04T09:46:57 - Successfully listening on IP: 127.0.0.1, port: TCP/20608
(I) 2020-08-04T09:46:57 - Successfully listening on IP: 127.0.0.1, port: UDP/20608
(I) 2020-08-04T09:46:57 - Successfully listening on IP: 192.168.1.105, port: TCP/20608
(I) 2020-08-04T09:46:57 - Successfully listening on IP: 192.168.1.105, port: UDP/20608
(I) 2020-08-04T09:46:57 - Successfully listening on IP: ::1, port: TCP/20608
(I) 2020-08-04T09:46:57 - Successfully listening on IP: ::1, port: UDP/20608
(I) 2020-08-04T09:46:57 - Successfully listening on IP: fe80::e61f:aa96:7f8d:faef%wlan0, port: TCP/20608
(I) 2020-08-04T09:46:57 - Successfully listening on IP: fe80::e61f:aa96:7f8d:faef%wlan0, port: UDP/20608
(I) 2020-08-04T09:46:57 - UPnP/NAT-PMP: Port mapping successful, message: successfully mapped port using UPnP. external port: TCP/20608
(I) 2020-08-04T09:46:57 - UPnP/NAT-PMP: Port mapping successful, message: successfully mapped port using UPnP. external port: UDP/20608
(I) 2020-08-04T09:46:57 - Detected external IP: 103.102.43.17
(N) 2020-08-04T09:46:59 - 'Persepolis (2007) (1080p BluRay x265 HEVC 10bit AAC 5.1 French Tigole)' restored.
(N) 2020-08-04T09:46:59 - 'Carl Jung' restored.
(N) 2020-08-04T09:46:59 - 'FrontEndMasters - Four Semesters of Computer Science in 5 Hours, Part 1 & 2' restored.
(N) 2020-08-04T09:46:59 - 'Joker.2019.1080p.BluRay.x264-AAA' restored.
(N) 2020-08-04T09:46:59 - 'C Programming 2019 Become A Pro, Solve a Lot Of Exercises !' restored.
(N) 2020-08-04T09:46:59 - 'How I Met Your Mother Season 1' restored.
(N) 2020-08-04T09:46:59 - 'Fatal Frame 2014 1080p BluRay x264 Japanese AAC - Ozlem' restored.
(N) 2020-08-04T09:46:59 - 'The Terminal (2004)' restored.
(N) 2020-08-04T09:46:59 - 'Hirak Rajar Deshe (1980) - DvDRip - AC3 - x264 -= theRock7 =-' restored.
(N) 2020-08-04T09:46:59 - 'Thappad.2020.1080p.AMZN.WEBRip.AAC.5.1.x265-ExCaLiBuR.mkv' restored.
(N) 2020-08-04T09:46:59 - 'One.Day.2011.1080p.BluRay.H264.AAC-RARBG.mp4' restored.
(N) 2020-08-04T09:46:59 - 'Young Sheldon S01-S03 720p WEB-DL WEBRip HE-AAC 2CH HEVC x265-PSA' restored.
(N) 2020-08-04T09:46:59 - 'IMDb Charts Top 250 Movies Megapack 1080p 10bit BluRay x265 HEVC-MRN' restored.
(N) 2020-08-04T09:46:59 - 'Masaan.2015.1080p.BRRip.x264.Hindi.AAC-ETRG' restored.
(N) 2020-08-04T09:46:59 - 'Qarib Qarib Singlle 2017 Hindi 1080p Zee5 WEB-DL AAC x264-NLT.mkv' restored.
(N) 2020-08-04T09:46:59 - 'Nightcrawler (2014) [1080p]' restored.
(N) 2020-08-04T09:46:59 - 'De.Dag.S01.720p.SBS.WEB-DL.AAC2.0.H.264-BTN' restored.
(N) 2020-08-04T09:46:59 - 'Photograph.2019.1080p.AMZN.WEBRip.AAC.5.1.x265-ALiEN.mkv' restored.
(N) 2020-08-04T09:46:59 - 'www.MovCr.to - The Lift Boy (2019) 720p UNTOUCHED NF WEBRip H264 AAC 900MB [MovCr].mkv' restored.
(N) 2020-08-04T09:46:59 - 'Career Opportunities (1991) [WEBRip] [720p] [YTS.LT]' restored.
(N) 2020-08-04T09:46:59 - 'Beginning Python from Novice by Magnus Lie Hetland.pdf' restored.
(N) 2020-08-04T09:46:59 - 'Once.Upon.a.Time.in.Hollywood.2019.1080p.BluRay.x265-RARBG.mp4' restored.
(N) 2020-08-04T09:46:59 - 'Lord.Of.War.2005.1080p.bluray.DD.5.1.x265-ALiEN.mkv' restored.
(N) 2020-08-04T09:46:59 - 'House MD Complete Season' restored.
(N) 2020-08-04T09:46:59 - 'Good.Time.2017.720p.WEB-DL.800MB.MkvCage.mkv' restored.
(N) 2020-08-04T09:46:59 - 'Satyajit Ray All Movies Bangla' restored.
(N) 2020-08-04T09:46:59 - 'Radioactive (2019) [720p] [WEBRip] [YTS.MX]' restored.
(N) 2020-08-04T09:46:59 - 'Mad Men [S01-S07]' restored.
(N) 2020-08-04T10:00:47 - Options were saved successfully.
(I) 2020-08-04T10:00:47 - Trying to listen on: 0.0.0.0:56130,[::]:56130
(I) 2020-08-04T10:00:47 - Successfully listening on IP: 127.0.0.1, port: TCP/56130
(I) 2020-08-04T10:00:47 - Successfully listening on IP: 127.0.0.1, port: UDP/56130
(I) 2020-08-04T10:00:47 - Successfully listening on IP: 192.168.1.105, port: TCP/56130
(I) 2020-08-04T10:00:47 - Successfully listening on IP: 192.168.1.105, port: UDP/56130
(I) 2020-08-04T10:00:47 - Successfully listening on IP: ::1, port: TCP/56130
(I) 2020-08-04T10:00:47 - Successfully listening on IP: ::1, port: UDP/56130
(I) 2020-08-04T10:00:47 - Successfully listening on IP: fe80::e61f:aa96:7f8d:faef%wlan0, port: TCP/56130
(I) 2020-08-04T10:00:47 - Successfully listening on IP: fe80::e61f:aa96:7f8d:faef%wlan0, port: UDP/56130
(C) 2020-08-04T10:00:47 - UPnP/NAT-PMP: Port mapping failure, message: could not map port using UPnP: unknown UPnP error (-1)
(C) 2020-08-04T10:00:47 - UPnP/NAT-PMP: Port mapping failure, message: could not map port using UPnP: unknown UPnP error (-1)
(I) 2020-08-04T10:00:47 - UPnP/NAT-PMP: Port mapping successful, message: successfully mapped port using UPnP. external port: TCP/56130
(I) 2020-08-04T10:00:47 - UPnP/NAT-PMP: Port mapping successful, message: successfully mapped port using UPnP. external port: UDP/56130
(I) 2020-08-04T10:00:49 - Detected external IP: 103.102.43.17
